Initializing module EndnodeTest, stage 0
Initializing module EndnodeTest.endnode, stage 0
Initializing module EndnodeTest.endnode.endpoint, stage 0
Initializing module EndnodeTest.endnode.endpoint.sink, stage 0
Initializing module EndnodeTest.endnode.endpoint.generator, stage 0
Initializing module EndnodeTest.endnode.AP, stage 0
Initializing module EndnodeTest.endnode.iface, stage 0
Initializing module EndnodeTest.endnode.co, stage 0
Initializing module EndnodeTest.endnode1, stage 0
Initializing module EndnodeTest.endnode1.endpoint, stage 0
Initializing module EndnodeTest.endnode1.endpoint.sink, stage 0
Initializing module EndnodeTest.endnode1.endpoint.generator, stage 0
Initializing module EndnodeTest.endnode1.AP, stage 0
Initializing module EndnodeTest.endnode1.iface, stage 0
Initializing module EndnodeTest.endnode1.co, stage 0
** Event #1  T=0  EndnodeTest.endnode.endpoint.generator (Generator, id=9), on selfmsg `{}' (cPacket, id=0)
** Event #2  T=0  EndnodeTest.endnode1.endpoint.generator (Generator, id=15), on selfmsg `{}' (cPacket, id=100)
** Event #3  T=0  EndnodeTest.endnode.AP (AggregationPool, id=5), on `{}' (cPacket, id=0)
** Event #4  T=0  EndnodeTest.endnode1.AP (AggregationPool, id=11), on `{}' (cPacket, id=100)
** Event #5  T=0.079587450456  EndnodeTest.endnode.endpoint.generator (Generator, id=9), on selfmsg `{}' (cPacket, id=1)
** Event #6  T=0.079587450456  EndnodeTest.endnode.AP (AggregationPool, id=5), on `{}' (cPacket, id=1)
** Event #7  T=0.089856038848  EndnodeTest.endnode1.endpoint.generator (Generator, id=15), on selfmsg `{}' (cPacket, id=101)
** Event #8  T=0.089856038848  EndnodeTest.endnode1.AP (AggregationPool, id=11), on `{}' (cPacket, id=101)
** Event #9  T=0.159174900913  EndnodeTest.endnode.endpoint.generator (Generator, id=9), on selfmsg `{}' (cPacket, id=2)
** Event #10  T=0.159174900913  EndnodeTest.endnode.AP (AggregationPool, id=5), on `{}' (cPacket, id=2)
** Event #11  T=0.179712077696  EndnodeTest.endnode1.endpoint.generator (Generator, id=15), on selfmsg `{}' (cPacket, id=102)
** Event #12  T=0.179712077696  EndnodeTest.endnode1.AP (AggregationPool, id=11), on `{}' (cPacket, id=102)
** Event #13  T=0.238762351369  EndnodeTest.endnode.endpoint.generator (Generator, id=9), on selfmsg `{}' (cPacket, id=3)
** Event #14  T=0.238762351369  EndnodeTest.endnode.AP (AggregationPool, id=5), on `{}' (cPacket, id=3)
** Event #15  T=0.269568116545  EndnodeTest.endnode1.endpoint.generator (Generator, id=15), on selfmsg `{}' (cPacket, id=103)
** Event #16  T=0.269568116545  EndnodeTest.endnode1.AP (AggregationPool, id=11), on `{}' (cPacket, id=103)
** Event #17  T=0.318349801826  EndnodeTest.endnode.endpoint.generator (Generator, id=9), on selfmsg `{}' (cPacket, id=4)
** Event #18  T=0.318349801826  EndnodeTest.endnode.AP (AggregationPool, id=5), on `{}' (cPacket, id=4)
** Event #19  T=0.359424155393  EndnodeTest.endnode1.endpoint.generator (Generator, id=15), on selfmsg `{}' (cPacket, id=104)
** Event #20  T=0.359424155393  EndnodeTest.endnode1.AP (AggregationPool, id=11), on `{}' (cPacket, id=104)
** Event #21  T=0.397937252282  EndnodeTest.endnode.endpoint.generator (Generator, id=9), on selfmsg `{}' (cPacket, id=5)
** Event #22  T=0.397937252282  EndnodeTest.endnode.AP (AggregationPool, id=5), on `{}' (cPacket, id=5)
** Event #23  T=0.449280194241  EndnodeTest.endnode1.endpoint.generator (Generator, id=15), on selfmsg `{}' (cPacket, id=105)
** Event #24  T=0.449280194241  EndnodeTest.endnode1.AP (AggregationPool, id=11), on `{}' (cPacket, id=105)
** Event #25  T=0.477524702739  EndnodeTest.endnode.endpoint.generator (Generator, id=9), on selfmsg `{}' (cPacket, id=6)
** Event #26  T=0.477524702739  EndnodeTest.endnode.AP (AggregationPool, id=5), on `{}' (cPacket, id=6)
** Event #27  T=0.53913623309  EndnodeTest.endnode1.endpoint.generator (Generator, id=15), on selfmsg `{}' (cPacket, id=106)
** Event #28  T=0.53913623309  EndnodeTest.endnode1.AP (AggregationPool, id=11), on `{}' (cPacket, id=106)
** Event #29  T=0.557112153196  EndnodeTest.endnode.endpoint.generator (Generator, id=9), on selfmsg `{}' (cPacket, id=7)
** Event #30  T=0.557112153196  EndnodeTest.endnode.AP (AggregationPool, id=5), on `{}' (cPacket, id=7)
** Event #31  T=0.628992271938  EndnodeTest.endnode1.endpoint.generator (Generator, id=15), on selfmsg `{}' (cPacket, id=107)
** Event #32  T=0.628992271938  EndnodeTest.endnode1.AP (AggregationPool, id=11), on `{}' (cPacket, id=107)
** Event #33  T=0.636699603652  EndnodeTest.endnode.endpoint.generator (Generator, id=9), on selfmsg `{}' (cPacket, id=8)
** Event #34  T=0.636699603652  EndnodeTest.endnode.AP (AggregationPool, id=5), on `{}' (cPacket, id=8)
** Event #35  T=0.716287054109  EndnodeTest.endnode.endpoint.generator (Generator, id=9), on selfmsg `{}' (cPacket, id=9)
** Event #36  T=0.716287054109  EndnodeTest.endnode.AP (AggregationPool, id=5), on `{}' (cPacket, id=9)
** Event #37  T=0.718848310787  EndnodeTest.endnode1.endpoint.generator (Generator, id=15), on selfmsg `{}' (cPacket, id=108)
** Event #38  T=0.718848310787  EndnodeTest.endnode1.AP (AggregationPool, id=11), on `{}' (cPacket, id=108)
** Event #39  T=0.795874504565  EndnodeTest.endnode.endpoint.generator (Generator, id=9), on selfmsg `{}' (cPacket, id=10)
** Event #40  T=0.795874504565  EndnodeTest.endnode.AP (AggregationPool, id=5), on `{}' (cPacket, id=10)
** Event #41  T=0.808704349635  EndnodeTest.endnode1.endpoint.generator (Generator, id=15), on selfmsg `{}' (cPacket, id=109)
** Event #42  T=0.808704349635  EndnodeTest.endnode1.AP (AggregationPool, id=11), on `{}' (cPacket, id=109)
** Event #43  T=0.875461955022  EndnodeTest.endnode.endpoint.generator (Generator, id=9), on selfmsg `{}' (cPacket, id=11)
** Event #44  T=0.875461955022  EndnodeTest.endnode.AP (AggregationPool, id=5), on `{}' (cPacket, id=11)
** Event #45  T=0.898560388483  EndnodeTest.endnode1.endpoint.generator (Generator, id=15), on selfmsg `{}' (cPacket, id=110)
** Event #46  T=0.898560388483  EndnodeTest.endnode1.AP (AggregationPool, id=11), on `{}' (cPacket, id=110)
** Event #47  T=0.955049405478  EndnodeTest.endnode.endpoint.generator (Generator, id=9), on selfmsg `{}' (cPacket, id=12)
** Event #48  T=0.955049405478  EndnodeTest.endnode.AP (AggregationPool, id=5), on `{}' (cPacket, id=12)
** Event #49  T=0.988416427332  EndnodeTest.endnode1.endpoint.generator (Generator, id=15), on selfmsg `{}' (cPacket, id=111)
** Event #50  T=0.988416427332  EndnodeTest.endnode1.AP (AggregationPool, id=11), on `{}' (cPacket, id=111)
** Event #51  T=1.034636855935  EndnodeTest.endnode.endpoint.generator (Generator, id=9), on selfmsg `{}' (cPacket, id=13)
** Event #52  T=1.034636855935  EndnodeTest.endnode.AP (AggregationPool, id=5), on `{}' (cPacket, id=13)
** Event #53  T=1.07827246618  EndnodeTest.endnode1.endpoint.generator (Generator, id=15), on selfmsg `{}' (cPacket, id=112)
** Event #54  T=1.07827246618  EndnodeTest.endnode1.AP (AggregationPool, id=11), on `{}' (cPacket, id=112)
** Event #55  T=1.114224306392  EndnodeTest.endnode.endpoint.generator (Generator, id=9), on selfmsg `{}' (cPacket, id=14)
** Event #56  T=1.114224306392  EndnodeTest.endnode.AP (AggregationPool, id=5), on `{}' (cPacket, id=14)
** Event #57  T=1.168128505029  EndnodeTest.endnode1.endpoint.generator (Generator, id=15), on selfmsg `{}' (cPacket, id=113)
** Event #58  T=1.168128505029  EndnodeTest.endnode1.AP (AggregationPool, id=11), on `{}' (cPacket, id=113)
** Event #59  T=1.193811756848  EndnodeTest.endnode.endpoint.generator (Generator, id=9), on selfmsg `{}' (cPacket, id=15)
** Event #60  T=1.193811756848  EndnodeTest.endnode.AP (AggregationPool, id=5), on `{}' (cPacket, id=15)
** Event #61  T=1.257984543877  EndnodeTest.endnode1.endpoint.generator (Generator, id=15), on selfmsg `{}' (cPacket, id=114)
** Event #62  T=1.257984543877  EndnodeTest.endnode1.AP (AggregationPool, id=11), on `{}' (cPacket, id=114)
** Event #63  T=1.273399207305  EndnodeTest.endnode.endpoint.generator (Generator, id=9), on selfmsg `{}' (cPacket, id=16)
** Event #64  T=1.273399207305  EndnodeTest.endnode.AP (AggregationPool, id=5), on `{}' (cPacket, id=16)
** Event #65  T=1.347840582725  EndnodeTest.endnode1.endpoint.generator (Generator, id=15), on selfmsg `{}' (cPacket, id=115)
** Event #66  T=1.347840582725  EndnodeTest.endnode1.AP (AggregationPool, id=11), on `{}' (cPacket, id=115)
** Event #67  T=1.352986657761  EndnodeTest.endnode.endpoint.generator (Generator, id=9), on selfmsg `{}' (cPacket, id=17)
** Event #68  T=1.352986657761  EndnodeTest.endnode.AP (AggregationPool, id=5), on `{}' (cPacket, id=17)
** Event #69  T=1.432574108218  EndnodeTest.endnode.endpoint.generator (Generator, id=9), on selfmsg `{}' (cPacket, id=18)
** Event #70  T=1.432574108218  EndnodeTest.endnode.AP (AggregationPool, id=5), on `{}' (cPacket, id=18)
** Event #71  T=1.437696621574  EndnodeTest.endnode1.endpoint.generator (Generator, id=15), on selfmsg `{}' (cPacket, id=116)
** Event #72  T=1.437696621574  EndnodeTest.endnode1.AP (AggregationPool, id=11), on `{}' (cPacket, id=116)
** Event #73  T=1.512161558674  EndnodeTest.endnode.endpoint.generator (Generator, id=9), on selfmsg `{}' (cPacket, id=19)
** Event #74  T=1.512161558674  EndnodeTest.endnode.AP (AggregationPool, id=5), on `{}' (cPacket, id=19)
** Event #75  T=1.527552660422  EndnodeTest.endnode1.endpoint.generator (Generator, id=15), on selfmsg `{}' (cPacket, id=117)
** Event #76  T=1.527552660422  EndnodeTest.endnode1.AP (AggregationPool, id=11), on `{}' (cPacket, id=117)
** Event #77  T=1.591749009131  EndnodeTest.endnode.endpoint.generator (Generator, id=9), on selfmsg `{}' (cPacket, id=20)
** Event #78  T=1.591749009131  EndnodeTest.endnode.AP (AggregationPool, id=5), on `{}' (cPacket, id=20)
** Event #79  T=1.617408699271  EndnodeTest.endnode1.endpoint.generator (Generator, id=15), on selfmsg `{}' (cPacket, id=118)
** Event #80  T=1.617408699271  EndnodeTest.endnode1.AP (AggregationPool, id=11), on `{}' (cPacket, id=118)
** Event #81  T=1.671336459588  EndnodeTest.endnode.endpoint.generator (Generator, id=9), on selfmsg `{}' (cPacket, id=21)
** Event #82  T=1.671336459588  EndnodeTest.endnode.AP (AggregationPool, id=5), on `{}' (cPacket, id=21)
** Event #83  T=1.707264738119  EndnodeTest.endnode1.endpoint.generator (Generator, id=15), on selfmsg `{}' (cPacket, id=119)
** Event #84  T=1.707264738119  EndnodeTest.endnode1.AP (AggregationPool, id=11), on `{}' (cPacket, id=119)
** Event #85  T=1.750923910044  EndnodeTest.endnode.endpoint.generator (Generator, id=9), on selfmsg `{}' (cPacket, id=22)
** Event #86  T=1.750923910044  EndnodeTest.endnode.AP (AggregationPool, id=5), on `{}' (cPacket, id=22)
** Event #87  T=1.797120776967  EndnodeTest.endnode1.endpoint.generator (Generator, id=15), on selfmsg `{}' (cPacket, id=120)
** Event #88  T=1.797120776967  EndnodeTest.endnode1.AP (AggregationPool, id=11), on `{}' (cPacket, id=120)
** Event #89  T=1.830511360501  EndnodeTest.endnode.endpoint.generator (Generator, id=9), on selfmsg `{}' (cPacket, id=23)
** Event #90  T=1.830511360501  EndnodeTest.endnode.AP (AggregationPool, id=5), on `{}' (cPacket, id=23)
** Event #91  T=1.886976815816  EndnodeTest.endnode1.endpoint.generator (Generator, id=15), on selfmsg `{}' (cPacket, id=121)
** Event #92  T=1.886976815816  EndnodeTest.endnode1.AP (AggregationPool, id=11), on `{}' (cPacket, id=121)
** Event #93  T=1.910098810957  EndnodeTest.endnode.endpoint.generator (Generator, id=9), on selfmsg `{}' (cPacket, id=24)
** Event #94  T=1.910098810957  EndnodeTest.endnode.AP (AggregationPool, id=5), on `{}' (cPacket, id=24)
** Event #95  T=1.976832854664  EndnodeTest.endnode1.endpoint.generator (Generator, id=15), on selfmsg `{}' (cPacket, id=122)
** Event #96  T=1.976832854664  EndnodeTest.endnode1.AP (AggregationPool, id=11), on `{}' (cPacket, id=122)
** Event #97  T=1.989686261414  EndnodeTest.endnode.endpoint.generator (Generator, id=9), on selfmsg `{}' (cPacket, id=25)
** Event #98  T=1.989686261414  EndnodeTest.endnode.AP (AggregationPool, id=5), on `{}' (cPacket, id=25)
** Event #99  T=2.066688893513  EndnodeTest.endnode1.endpoint.generator (Generator, id=15), on selfmsg `{}' (cPacket, id=123)
** Event #100  T=2.066688893513  EndnodeTest.endnode1.AP (AggregationPool, id=11), on `{}' (cPacket, id=123)
** Event #101  T=2.069273711871  EndnodeTest.endnode.endpoint.generator (Generator, id=9), on selfmsg `{}' (cPacket, id=26)
** Event #102  T=2.069273711871  EndnodeTest.endnode.AP (AggregationPool, id=5), on `{}' (cPacket, id=26)
** Event #103  T=2.148861162327  EndnodeTest.endnode.endpoint.generator (Generator, id=9), on selfmsg `{}' (cPacket, id=27)
** Event #104  T=2.148861162327  EndnodeTest.endnode.AP (AggregationPool, id=5), on `{}' (cPacket, id=27)
** Event #105  T=2.156544932361  EndnodeTest.endnode1.endpoint.generator (Generator, id=15), on selfmsg `{}' (cPacket, id=124)
** Event #106  T=2.156544932361  EndnodeTest.endnode1.AP (AggregationPool, id=11), on `{}' (cPacket, id=124)
** Event #107  T=2.228448612784  EndnodeTest.endnode.endpoint.generator (Generator, id=9), on selfmsg `{}' (cPacket, id=28)
** Event #108  T=2.228448612784  EndnodeTest.endnode.AP (AggregationPool, id=5), on `{}' (cPacket, id=28)
** Event #109  T=2.246400971209  EndnodeTest.endnode1.endpoint.generator (Generator, id=15), on selfmsg `{}' (cPacket, id=125)
** Event #110  T=2.246400971209  EndnodeTest.endnode1.AP (AggregationPool, id=11), on `{}' (cPacket, id=125)
** Event #111  T=2.30803606324  EndnodeTest.endnode.endpoint.generator (Generator, id=9), on selfmsg `{}' (cPacket, id=29)
** Event #112  T=2.30803606324  EndnodeTest.endnode.AP (AggregationPool, id=5), on `{}' (cPacket, id=29)
** Event #113  T=2.336257010058  EndnodeTest.endnode1.endpoint.generator (Generator, id=15), on selfmsg `{}' (cPacket, id=126)
** Event #114  T=2.336257010058  EndnodeTest.endnode1.AP (AggregationPool, id=11), on `{}' (cPacket, id=126)
** Event #115  T=2.387623513697  EndnodeTest.endnode.endpoint.generator (Generator, id=9), on selfmsg `{}' (cPacket, id=30)
** Event #116  T=2.387623513697  EndnodeTest.endnode.AP (AggregationPool, id=5), on `{}' (cPacket, id=30)
** Event #117  T=2.426113048906  EndnodeTest.endnode1.endpoint.generator (Generator, id=15), on selfmsg `{}' (cPacket, id=127)
** Event #118  T=2.426113048906  EndnodeTest.endnode1.AP (AggregationPool, id=11), on `{}' (cPacket, id=127)
** Event #119  T=2.467210964153  EndnodeTest.endnode.endpoint.generator (Generator, id=9), on selfmsg `{}' (cPacket, id=31)
** Event #120  T=2.467210964153  EndnodeTest.endnode.AP (AggregationPool, id=5), on `{}' (cPacket, id=31)
** Event #121  T=2.515969087755  EndnodeTest.endnode1.endpoint.generator (Generator, id=15), on selfmsg `{}' (cPacket, id=128)
** Event #122  T=2.515969087755  EndnodeTest.endnode1.AP (AggregationPool, id=11), on `{}' (cPacket, id=128)
** Event #123  T=2.54679841461  EndnodeTest.endnode.endpoint.generator (Generator, id=9), on selfmsg `{}' (cPacket, id=32)
** Event #124  T=2.54679841461  EndnodeTest.endnode.AP (AggregationPool, id=5), on `{}' (cPacket, id=32)
** Event #125  T=2.605825126603  EndnodeTest.endnode1.endpoint.generator (Generator, id=15), on selfmsg `{}' (cPacket, id=129)
** Event #126  T=2.605825126603  EndnodeTest.endnode1.AP (AggregationPool, id=11), on `{}' (cPacket, id=129)
** Event #127  T=2.626385865067  EndnodeTest.endnode.endpoint.generator (Generator, id=9), on selfmsg `{}' (cPacket, id=33)
** Event #128  T=2.626385865067  EndnodeTest.endnode.AP (AggregationPool, id=5), on `{}' (cPacket, id=33)
** Event #129  T=2.695681165451  EndnodeTest.endnode1.endpoint.generator (Generator, id=15), on selfmsg `{}' (cPacket, id=130)
** Event #130  T=2.695681165451  EndnodeTest.endnode1.AP (AggregationPool, id=11), on `{}' (cPacket, id=130)
** Event #131  T=2.705973315523  EndnodeTest.endnode.endpoint.generator (Generator, id=9), on selfmsg `{}' (cPacket, id=34)
** Event #132  T=2.705973315523  EndnodeTest.endnode.AP (AggregationPool, id=5), on `{}' (cPacket, id=34)
** Event #133  T=2.7855372043  EndnodeTest.endnode1.endpoint.generator (Generator, id=15), on selfmsg `{}' (cPacket, id=131)
** Event #134  T=2.7855372043  EndnodeTest.endnode1.AP (AggregationPool, id=11), on `{}' (cPacket, id=131)
** Event #135  T=2.78556076598  EndnodeTest.endnode.endpoint.generator (Generator, id=9), on selfmsg `{}' (cPacket, id=35)
** Event #136  T=2.78556076598  EndnodeTest.endnode.AP (AggregationPool, id=5), on `{}' (cPacket, id=35)
** Event #137  T=2.865148216436  EndnodeTest.endnode.endpoint.generator (Generator, id=9), on selfmsg `{}' (cPacket, id=36)
** Event #138  T=2.865148216436  EndnodeTest.endnode.AP (AggregationPool, id=5), on `{}' (cPacket, id=36)
** Event #139  T=2.875393243148  EndnodeTest.endnode1.endpoint.generator (Generator, id=15), on selfmsg `{}' (cPacket, id=132)
** Event #140  T=2.875393243148  EndnodeTest.endnode1.AP (AggregationPool, id=11), on `{}' (cPacket, id=132)
** Event #141  T=2.944735666893  EndnodeTest.endnode.endpoint.generator (Generator, id=9), on selfmsg `{}' (cPacket, id=37)
** Event #142  T=2.944735666893  EndnodeTest.endnode.AP (AggregationPool, id=5), on `{}' (cPacket, id=37)
** Event #143  T=2.965249281997  EndnodeTest.endnode1.endpoint.generator (Generator, id=15), on selfmsg `{}' (cPacket, id=133)
** Event #144  T=2.965249281997  EndnodeTest.endnode1.AP (AggregationPool, id=11), on `{}' (cPacket, id=133)
** Event #145  T=3.024323117349  EndnodeTest.endnode.endpoint.generator (Generator, id=9), on selfmsg `{}' (cPacket, id=38)
** Event #146  T=3.024323117349  EndnodeTest.endnode.AP (AggregationPool, id=5), on `{}' (cPacket, id=38)
** Event #147  T=3.055105320845  EndnodeTest.endnode1.endpoint.generator (Generator, id=15), on selfmsg `{}' (cPacket, id=134)
** Event #148  T=3.055105320845  EndnodeTest.endnode1.AP (AggregationPool, id=11), on `{}' (cPacket, id=134)
** Event #149  T=3.103910567806  EndnodeTest.endnode.endpoint.generator (Generator, id=9), on selfmsg `{}' (cPacket, id=39)
** Event #150  T=3.103910567806  EndnodeTest.endnode.AP (AggregationPool, id=5), on `{}' (cPacket, id=39)
** Event #151  T=3.144961359693  EndnodeTest.endnode1.endpoint.generator (Generator, id=15), on selfmsg `{}' (cPacket, id=135)
** Event #152  T=3.144961359693  EndnodeTest.endnode1.AP (AggregationPool, id=11), on `{}' (cPacket, id=135)
** Event #153  T=3.183498018263  EndnodeTest.endnode.endpoint.generator (Generator, id=9), on selfmsg `{}' (cPacket, id=40)
** Event #154  T=3.183498018263  EndnodeTest.endnode.AP (AggregationPool, id=5), on `{}' (cPacket, id=40)
** Event #155  T=3.234817398542  EndnodeTest.endnode1.endpoint.generator (Generator, id=15), on selfmsg `{}' (cPacket, id=136)
** Event #156  T=3.234817398542  EndnodeTest.endnode1.AP (AggregationPool, id=11), on `{}' (cPacket, id=136)
** Event #157  T=3.263085468719  EndnodeTest.endnode.endpoint.generator (Generator, id=9), on selfmsg `{}' (cPacket, id=41)
** Event #158  T=3.263085468719  EndnodeTest.endnode.AP (AggregationPool, id=5), on `{}' (cPacket, id=41)
** Event #159  T=3.32467343739  EndnodeTest.endnode1.endpoint.generator (Generator, id=15), on selfmsg `{}' (cPacket, id=137)
** Event #160  T=3.32467343739  EndnodeTest.endnode1.AP (AggregationPool, id=11), on `{}' (cPacket, id=137)
** Event #161  T=3.342672919176  EndnodeTest.endnode.endpoint.generator (Generator, id=9), on selfmsg `{}' (cPacket, id=42)
** Event #162  T=3.342672919176  EndnodeTest.endnode.AP (AggregationPool, id=5), on `{}' (cPacket, id=42)
** Event #163  T=3.414529476238  EndnodeTest.endnode1.endpoint.generator (Generator, id=15), on selfmsg `{}' (cPacket, id=138)
** Event #164  T=3.414529476238  EndnodeTest.endnode1.AP (AggregationPool, id=11), on `{}' (cPacket, id=138)
** Event #165  T=3.422260369632  EndnodeTest.endnode.endpoint.generator (Generator, id=9), on selfmsg `{}' (cPacket, id=43)
** Event #166  T=3.422260369632  EndnodeTest.endnode.AP (AggregationPool, id=5), on `{}' (cPacket, id=43)
** Event #167  T=3.501847820089  EndnodeTest.endnode.endpoint.generator (Generator, id=9), on selfmsg `{}' (cPacket, id=44)
** Event #168  T=3.501847820089  EndnodeTest.endnode.AP (AggregationPool, id=5), on `{}' (cPacket, id=44)
** Event #169  T=3.504385515087  EndnodeTest.endnode1.endpoint.generator (Generator, id=15), on selfmsg `{}' (cPacket, id=139)
** Event #170  T=3.504385515087  EndnodeTest.endnode1.AP (AggregationPool, id=11), on `{}' (cPacket, id=139)
** Event #171  T=3.581435270545  EndnodeTest.endnode.endpoint.generator (Generator, id=9), on selfmsg `{}' (cPacket, id=45)
** Event #172  T=3.581435270545  EndnodeTest.endnode.AP (AggregationPool, id=5), on `{}' (cPacket, id=45)
** Event #173  T=3.594241553935  EndnodeTest.endnode1.endpoint.generator (Generator, id=15), on selfmsg `{}' (cPacket, id=140)
** Event #174  T=3.594241553935  EndnodeTest.endnode1.AP (AggregationPool, id=11), on `{}' (cPacket, id=140)
** Event #175  T=3.661022721002  EndnodeTest.endnode.endpoint.generator (Generator, id=9), on selfmsg `{}' (cPacket, id=46)
** Event #176  T=3.661022721002  EndnodeTest.endnode.AP (AggregationPool, id=5), on `{}' (cPacket, id=46)
** Event #177  T=3.684097592784  EndnodeTest.endnode1.endpoint.generator (Generator, id=15), on selfmsg `{}' (cPacket, id=141)
** Event #178  T=3.684097592784  EndnodeTest.endnode1.AP (AggregationPool, id=11), on `{}' (cPacket, id=141)
** Event #179  T=3.740610171459  EndnodeTest.endnode.endpoint.generator (Generator, id=9), on selfmsg `{}' (cPacket, id=47)
** Event #180  T=3.740610171459  EndnodeTest.endnode.AP (AggregationPool, id=5), on `{}' (cPacket, id=47)
** Event #181  T=3.773953631632  EndnodeTest.endnode1.endpoint.generator (Generator, id=15), on selfmsg `{}' (cPacket, id=142)
** Event #182  T=3.773953631632  EndnodeTest.endnode1.AP (AggregationPool, id=11), on `{}' (cPacket, id=142)
** Event #183  T=3.820197621915  EndnodeTest.endnode.endpoint.generator (Generator, id=9), on selfmsg `{}' (cPacket, id=48)
** Event #184  T=3.820197621915  EndnodeTest.endnode.AP (AggregationPool, id=5), on `{}' (cPacket, id=48)
** Event #185  T=3.86380967048  EndnodeTest.endnode1.endpoint.generator (Generator, id=15), on selfmsg `{}' (cPacket, id=143)
** Event #186  T=3.86380967048  EndnodeTest.endnode1.AP (AggregationPool, id=11), on `{}' (cPacket, id=143)
** Event #187  T=3.899785072372  EndnodeTest.endnode.endpoint.generator (Generator, id=9), on selfmsg `{}' (cPacket, id=49)
** Event #188  T=3.899785072372  EndnodeTest.endnode.AP (AggregationPool, id=5), on `{}' (cPacket, id=49)
** Event #189  T=3.953665709329  EndnodeTest.endnode1.endpoint.generator (Generator, id=15), on selfmsg `{}' (cPacket, id=144)
** Event #190  T=3.953665709329  EndnodeTest.endnode1.AP (AggregationPool, id=11), on `{}' (cPacket, id=144)
** Event #191  T=3.979372522828  EndnodeTest.endnode.endpoint.generator (Generator, id=9), on selfmsg `{}' (cPacket, id=50)
** Event #192  T=3.979372522828  EndnodeTest.endnode.AP (AggregationPool, id=5), on `{}' (cPacket, id=50)
** Event #193  T=4.043521748177  EndnodeTest.endnode1.endpoint.generator (Generator, id=15), on selfmsg `{}' (cPacket, id=145)
** Event #194  T=4.043521748177  EndnodeTest.endnode1.AP (AggregationPool, id=11), on `{}' (cPacket, id=145)
** Event #195  T=4.058959973285  EndnodeTest.endnode.endpoint.generator (Generator, id=9), on selfmsg `{}' (cPacket, id=51)
** Event #196  T=4.058959973285  EndnodeTest.endnode.AP (AggregationPool, id=5), on `{}' (cPacket, id=51)
** Event #197  T=4.133377787026  EndnodeTest.endnode1.endpoint.generator (Generator, id=15), on selfmsg `{}' (cPacket, id=146)
** Event #198  T=4.133377787026  EndnodeTest.endnode1.AP (AggregationPool, id=11), on `{}' (cPacket, id=146)
** Event #199  T=4.138547423742  EndnodeTest.endnode.endpoint.generator (Generator, id=9), on selfmsg `{}' (cPacket, id=52)
** Event #200  T=4.138547423742  EndnodeTest.endnode.AP (AggregationPool, id=5), on `{}' (cPacket, id=52)
** Event #201  T=4.218134874198  EndnodeTest.endnode.endpoint.generator (Generator, id=9), on selfmsg `{}' (cPacket, id=53)
** Event #202  T=4.218134874198  EndnodeTest.endnode.AP (AggregationPool, id=5), on `{}' (cPacket, id=53)
** Event #203  T=4.223233825874  EndnodeTest.endnode1.endpoint.generator (Generator, id=15), on selfmsg `{}' (cPacket, id=147)
** Event #204  T=4.223233825874  EndnodeTest.endnode1.AP (AggregationPool, id=11), on `{}' (cPacket, id=147)
** Event #205  T=4.297722324655  EndnodeTest.endnode.endpoint.generator (Generator, id=9), on selfmsg `{}' (cPacket, id=54)
** Event #206  T=4.297722324655  EndnodeTest.endnode.AP (AggregationPool, id=5), on `{}' (cPacket, id=54)
** Event #207  T=4.313089864722  EndnodeTest.endnode1.endpoint.generator (Generator, id=15), on selfmsg `{}' (cPacket, id=148)
** Event #208  T=4.313089864722  EndnodeTest.endnode1.AP (AggregationPool, id=11), on `{}' (cPacket, id=148)
** Event #209  T=4.377309775111  EndnodeTest.endnode.endpoint.generator (Generator, id=9), on selfmsg `{}' (cPacket, id=55)
** Event #210  T=4.377309775111  EndnodeTest.endnode.AP (AggregationPool, id=5), on `{}' (cPacket, id=55)
** Event #211  T=4.402945903571  EndnodeTest.endnode1.endpoint.generator (Generator, id=15), on selfmsg `{}' (cPacket, id=149)
** Event #212  T=4.402945903571  EndnodeTest.endnode1.AP (AggregationPool, id=11), on `{}' (cPacket, id=149)
** Event #213  T=4.456897225568  EndnodeTest.endnode.endpoint.generator (Generator, id=9), on selfmsg `{}' (cPacket, id=56)
** Event #214  T=4.456897225568  EndnodeTest.endnode.AP (AggregationPool, id=5), on `{}' (cPacket, id=56)
** Event #215  T=4.492801942419  EndnodeTest.endnode1.endpoint.generator (Generator, id=15), on selfmsg `{}' (cPacket, id=150)
** Event #216  T=4.492801942419  EndnodeTest.endnode1.AP (AggregationPool, id=11), on `{}' (cPacket, id=150)
** Event #217  T=4.536484676024  EndnodeTest.endnode.endpoint.generator (Generator, id=9), on selfmsg `{}' (cPacket, id=57)
** Event #218  T=4.536484676024  EndnodeTest.endnode.AP (AggregationPool, id=5), on `{}' (cPacket, id=57)
** Event #219  T=4.582657981268  EndnodeTest.endnode1.endpoint.generator (Generator, id=15), on selfmsg `{}' (cPacket, id=151)
** Event #220  T=4.582657981268  EndnodeTest.endnode1.AP (AggregationPool, id=11), on `{}' (cPacket, id=151)
** Event #221  T=4.616072126481  EndnodeTest.endnode.endpoint.generator (Generator, id=9), on selfmsg `{}' (cPacket, id=58)
** Event #222  T=4.616072126481  EndnodeTest.endnode.AP (AggregationPool, id=5), on `{}' (cPacket, id=58)
** Event #223  T=4.672514020116  EndnodeTest.endnode1.endpoint.generator (Generator, id=15), on selfmsg `{}' (cPacket, id=152)
** Event #224  T=4.672514020116  EndnodeTest.endnode1.AP (AggregationPool, id=11), on `{}' (cPacket, id=152)
** Event #225  T=4.695659576938  EndnodeTest.endnode.endpoint.generator (Generator, id=9), on selfmsg `{}' (cPacket, id=59)
** Event #226  T=4.695659576938  EndnodeTest.endnode.AP (AggregationPool, id=5), on `{}' (cPacket, id=59)
** Event #227  T=4.762370058964  EndnodeTest.endnode1.endpoint.generator (Generator, id=15), on selfmsg `{}' (cPacket, id=153)
** Event #228  T=4.762370058964  EndnodeTest.endnode1.AP (AggregationPool, id=11), on `{}' (cPacket, id=153)
** Event #229  T=4.775247027394  EndnodeTest.endnode.endpoint.generator (Generator, id=9), on selfmsg `{}' (cPacket, id=60)
** Event #230  T=4.775247027394  EndnodeTest.endnode.AP (AggregationPool, id=5), on `{}' (cPacket, id=60)
** Event #231  T=4.852226097813  EndnodeTest.endnode1.endpoint.generator (Generator, id=15), on selfmsg `{}' (cPacket, id=154)
** Event #232  T=4.852226097813  EndnodeTest.endnode1.AP (AggregationPool, id=11), on `{}' (cPacket, id=154)
** Event #233  T=4.854834477851  EndnodeTest.endnode.endpoint.generator (Generator, id=9), on selfmsg `{}' (cPacket, id=61)
** Event #234  T=4.854834477851  EndnodeTest.endnode.AP (AggregationPool, id=5), on `{}' (cPacket, id=61)
** Event #235  T=4.934421928307  EndnodeTest.endnode.endpoint.generator (Generator, id=9), on selfmsg `{}' (cPacket, id=62)
** Event #236  T=4.934421928307  EndnodeTest.endnode.AP (AggregationPool, id=5), on `{}' (cPacket, id=62)
** Event #237  T=4.942082136661  EndnodeTest.endnode1.endpoint.generator (Generator, id=15), on selfmsg `{}' (cPacket, id=155)
** Event #238  T=4.942082136661  EndnodeTest.endnode1.AP (AggregationPool, id=11), on `{}' (cPacket, id=155)
** Event #239  T=5.014009378764  EndnodeTest.endnode.endpoint.generator (Generator, id=9), on selfmsg `{}' (cPacket, id=63)
** Event #240  T=5.014009378764  EndnodeTest.endnode.AP (AggregationPool, id=5), on `{}' (cPacket, id=63)
** Event #241  T=5.03193817551  EndnodeTest.endnode1.endpoint.generator (Generator, id=15), on selfmsg `{}' (cPacket, id=156)
** Event #242  T=5.03193817551  EndnodeTest.endnode1.AP (AggregationPool, id=11), on `{}' (cPacket, id=156)
** Event #243  T=5.09359682922  EndnodeTest.endnode.endpoint.generator (Generator, id=9), on selfmsg `{}' (cPacket, id=64)
** Event #244  T=5.09359682922  EndnodeTest.endnode.AP (AggregationPool, id=5), on `{}' (cPacket, id=64)
** Event #245  T=5.121794214358  EndnodeTest.endnode1.endpoint.generator (Generator, id=15), on selfmsg `{}' (cPacket, id=157)
** Event #246  T=5.121794214358  EndnodeTest.endnode1.AP (AggregationPool, id=11), on `{}' (cPacket, id=157)
** Event #247  T=5.173184279677  EndnodeTest.endnode.endpoint.generator (Generator, id=9), on selfmsg `{}' (cPacket, id=65)
** Event #248  T=5.173184279677  EndnodeTest.endnode.AP (AggregationPool, id=5), on `{}' (cPacket, id=65)
** Event #249  T=5.211650253206  EndnodeTest.endnode1.endpoint.generator (Generator, id=15), on selfmsg `{}' (cPacket, id=158)
** Event #250  T=5.211650253206  EndnodeTest.endnode1.AP (AggregationPool, id=11), on `{}' (cPacket, id=158)
** Event #251  T=5.252771730134  EndnodeTest.endnode.endpoint.generator (Generator, id=9), on selfmsg `{}' (cPacket, id=66)
** Event #252  T=5.252771730134  EndnodeTest.endnode.AP (AggregationPool, id=5), on `{}' (cPacket, id=66)
** Event #253  T=5.301506292055  EndnodeTest.endnode1.endpoint.generator (Generator, id=15), on selfmsg `{}' (cPacket, id=159)
** Event #254  T=5.301506292055  EndnodeTest.endnode1.AP (AggregationPool, id=11), on `{}' (cPacket, id=159)
** Event #255  T=5.33235918059  EndnodeTest.endnode.endpoint.generator (Generator, id=9), on selfmsg `{}' (cPacket, id=67)
** Event #256  T=5.33235918059  EndnodeTest.endnode.AP (AggregationPool, id=5), on `{}' (cPacket, id=67)
** Event #257  T=5.391362330903  EndnodeTest.endnode1.endpoint.generator (Generator, id=15), on selfmsg `{}' (cPacket, id=160)
** Event #258  T=5.391362330903  EndnodeTest.endnode1.AP (AggregationPool, id=11), on `{}' (cPacket, id=160)
** Event #259  T=5.411946631047  EndnodeTest.endnode.endpoint.generator (Generator, id=9), on selfmsg `{}' (cPacket, id=68)
** Event #260  T=5.411946631047  EndnodeTest.endnode.AP (AggregationPool, id=5), on `{}' (cPacket, id=68)
** Event #261  T=5.481218369752  EndnodeTest.endnode1.endpoint.generator (Generator, id=15), on selfmsg `{}' (cPacket, id=161)
** Event #262  T=5.481218369752  EndnodeTest.endnode1.AP (AggregationPool, id=11), on `{}' (cPacket, id=161)
** Event #263  T=5.491534081503  EndnodeTest.endnode.endpoint.generator (Generator, id=9), on selfmsg `{}' (cPacket, id=69)
** Event #264  T=5.491534081503  EndnodeTest.endnode.AP (AggregationPool, id=5), on `{}' (cPacket, id=69)
** Event #265  T=5.5710744086  EndnodeTest.endnode1.endpoint.generator (Generator, id=15), on selfmsg `{}' (cPacket, id=162)
** Event #266  T=5.5710744086  EndnodeTest.endnode1.AP (AggregationPool, id=11), on `{}' (cPacket, id=162)
** Event #267  T=5.57112153196  EndnodeTest.endnode.endpoint.generator (Generator, id=9), on selfmsg `{}' (cPacket, id=70)
** Event #268  T=5.57112153196  EndnodeTest.endnode.AP (AggregationPool, id=5), on `{}' (cPacket, id=70)
** Event #269  T=5.650708982417  EndnodeTest.endnode.endpoint.generator (Generator, id=9), on selfmsg `{}' (cPacket, id=71)
** Event #270  T=5.650708982417  EndnodeTest.endnode.AP (AggregationPool, id=5), on `{}' (cPacket, id=71)
** Event #271  T=5.660930447448  EndnodeTest.endnode1.endpoint.generator (Generator, id=15), on selfmsg `{}' (cPacket, id=163)
** Event #272  T=5.660930447448  EndnodeTest.endnode1.AP (AggregationPool, id=11), on `{}' (cPacket, id=163)
** Event #273  T=5.730296432873  EndnodeTest.endnode.endpoint.generator (Generator, id=9), on selfmsg `{}' (cPacket, id=72)
** Event #274  T=5.730296432873  EndnodeTest.endnode.AP (AggregationPool, id=5), on `{}' (cPacket, id=72)
** Event #275  T=5.750786486297  EndnodeTest.endnode1.endpoint.generator (Generator, id=15), on selfmsg `{}' (cPacket, id=164)
** Event #276  T=5.750786486297  EndnodeTest.endnode1.AP (AggregationPool, id=11), on `{}' (cPacket, id=164)
** Event #277  T=5.80988388333  EndnodeTest.endnode.endpoint.generator (Generator, id=9), on selfmsg `{}' (cPacket, id=73)
** Event #278  T=5.80988388333  EndnodeTest.endnode.AP (AggregationPool, id=5), on `{}' (cPacket, id=73)
** Event #279  T=5.840642525145  EndnodeTest.endnode1.endpoint.generator (Generator, id=15), on selfmsg `{}' (cPacket, id=165)
** Event #280  T=5.840642525145  EndnodeTest.endnode1.AP (AggregationPool, id=11), on `{}' (cPacket, id=165)
** Event #281  T=5.889471333786  EndnodeTest.endnode.endpoint.generator (Generator, id=9), on selfmsg `{}' (cPacket, id=74)
** Event #282  T=5.889471333786  EndnodeTest.endnode.AP (AggregationPool, id=5), on `{}' (cPacket, id=74)
** Event #283  T=5.930498563994  EndnodeTest.endnode1.endpoint.generator (Generator, id=15), on selfmsg `{}' (cPacket, id=166)
** Event #284  T=5.930498563994  EndnodeTest.endnode1.AP (AggregationPool, id=11), on `{}' (cPacket, id=166)
** Event #285  T=5.969058784243  EndnodeTest.endnode.endpoint.generator (Generator, id=9), on selfmsg `{}' (cPacket, id=75)
** Event #286  T=5.969058784243  EndnodeTest.endnode.AP (AggregationPool, id=5), on `{}' (cPacket, id=75)
** Event #287  T=6.020354602842  EndnodeTest.endnode1.endpoint.generator (Generator, id=15), on selfmsg `{}' (cPacket, id=167)
** Event #288  T=6.020354602842  EndnodeTest.endnode1.AP (AggregationPool, id=11), on `{}' (cPacket, id=167)
** Event #289  T=6.048646234699  EndnodeTest.endnode.endpoint.generator (Generator, id=9), on selfmsg `{}' (cPacket, id=76)
** Event #290  T=6.048646234699  EndnodeTest.endnode.AP (AggregationPool, id=5), on `{}' (cPacket, id=76)
** Event #291  T=6.11021064169  EndnodeTest.endnode1.endpoint.generator (Generator, id=15), on selfmsg `{}' (cPacket, id=168)
** Event #292  T=6.11021064169  EndnodeTest.endnode1.AP (AggregationPool, id=11), on `{}' (cPacket, id=168)
** Event #293  T=6.128233685156  EndnodeTest.endnode.endpoint.generator (Generator, id=9), on selfmsg `{}' (cPacket, id=77)
** Event #294  T=6.128233685156  EndnodeTest.endnode.AP (AggregationPool, id=5), on `{}' (cPacket, id=77)
** Event #295  T=6.200066680539  EndnodeTest.endnode1.endpoint.generator (Generator, id=15), on selfmsg `{}' (cPacket, id=169)
** Event #296  T=6.200066680539  EndnodeTest.endnode1.AP (AggregationPool, id=11), on `{}' (cPacket, id=169)
** Event #297  T=6.207821135613  EndnodeTest.endnode.endpoint.generator (Generator, id=9), on selfmsg `{}' (cPacket, id=78)
** Event #298  T=6.207821135613  EndnodeTest.endnode.AP (AggregationPool, id=5), on `{}' (cPacket, id=78)
** Event #299  T=6.287408586069  EndnodeTest.endnode.endpoint.generator (Generator, id=9), on selfmsg `{}' (cPacket, id=79)
** Event #300  T=6.287408586069  EndnodeTest.endnode.AP (AggregationPool, id=5), on `{}' (cPacket, id=79)
** Event #301  T=6.289922719387  EndnodeTest.endnode1.endpoint.generator (Generator, id=15), on selfmsg `{}' (cPacket, id=170)
** Event #302  T=6.289922719387  EndnodeTest.endnode1.AP (AggregationPool, id=11), on `{}' (cPacket, id=170)
** Event #303  T=6.366996036526  EndnodeTest.endnode.endpoint.generator (Generator, id=9), on selfmsg `{}' (cPacket, id=80)
** Event #304  T=6.366996036526  EndnodeTest.endnode.AP (AggregationPool, id=5), on `{}' (cPacket, id=80)
** Event #305  T=6.379778758235  EndnodeTest.endnode1.endpoint.generator (Generator, id=15), on selfmsg `{}' (cPacket, id=171)
** Event #306  T=6.379778758235  EndnodeTest.endnode1.AP (AggregationPool, id=11), on `{}' (cPacket, id=171)
** Event #307  T=6.446583486982  EndnodeTest.endnode.endpoint.generator (Generator, id=9), on selfmsg `{}' (cPacket, id=81)
** Event #308  T=6.446583486982  EndnodeTest.endnode.AP (AggregationPool, id=5), on `{}' (cPacket, id=81)
** Event #309  T=6.469634797084  EndnodeTest.endnode1.endpoint.generator (Generator, id=15), on selfmsg `{}' (cPacket, id=172)
** Event #310  T=6.469634797084  EndnodeTest.endnode1.AP (AggregationPool, id=11), on `{}' (cPacket, id=172)
** Event #311  T=6.526170937439  EndnodeTest.endnode.endpoint.generator (Generator, id=9), on selfmsg `{}' (cPacket, id=82)
** Event #312  T=6.526170937439  EndnodeTest.endnode.AP (AggregationPool, id=5), on `{}' (cPacket, id=82)
** Event #313  T=6.559490835932  EndnodeTest.endnode1.endpoint.generator (Generator, id=15), on selfmsg `{}' (cPacket, id=173)
** Event #314  T=6.559490835932  EndnodeTest.endnode1.AP (AggregationPool, id=11), on `{}' (cPacket, id=173)
** Event #315  T=6.605758387895  EndnodeTest.endnode.endpoint.generator (Generator, id=9), on selfmsg `{}' (cPacket, id=83)
** Event #316  T=6.605758387895  EndnodeTest.endnode.AP (AggregationPool, id=5), on `{}' (cPacket, id=83)
** Event #317  T=6.649346874781  EndnodeTest.endnode1.endpoint.generator (Generator, id=15), on selfmsg `{}' (cPacket, id=174)
** Event #318  T=6.649346874781  EndnodeTest.endnode1.AP (AggregationPool, id=11), on `{}' (cPacket, id=174)
** Event #319  T=6.685345838352  EndnodeTest.endnode.endpoint.generator (Generator, id=9), on selfmsg `{}' (cPacket, id=84)
** Event #320  T=6.685345838352  EndnodeTest.endnode.AP (AggregationPool, id=5), on `{}' (cPacket, id=84)
** Event #321  T=6.739202913629  EndnodeTest.endnode1.endpoint.generator (Generator, id=15), on selfmsg `{}' (cPacket, id=175)
** Event #322  T=6.739202913629  EndnodeTest.endnode1.AP (AggregationPool, id=11), on `{}' (cPacket, id=175)
** Event #323  T=6.764933288809  EndnodeTest.endnode.endpoint.generator (Generator, id=9), on selfmsg `{}' (cPacket, id=85)
** Event #324  T=6.764933288809  EndnodeTest.endnode.AP (AggregationPool, id=5), on `{}' (cPacket, id=85)
** Event #325  T=6.829058952477  EndnodeTest.endnode1.endpoint.generator (Generator, id=15), on selfmsg `{}' (cPacket, id=176)
** Event #326  T=6.829058952477  EndnodeTest.endnode1.AP (AggregationPool, id=11), on `{}' (cPacket, id=176)
** Event #327  T=6.844520739265  EndnodeTest.endnode.endpoint.generator (Generator, id=9), on selfmsg `{}' (cPacket, id=86)
** Event #328  T=6.844520739265  EndnodeTest.endnode.AP (AggregationPool, id=5), on `{}' (cPacket, id=86)
** Event #329  T=6.918914991326  EndnodeTest.endnode1.endpoint.generator (Generator, id=15), on selfmsg `{}' (cPacket, id=177)
** Event #330  T=6.918914991326  EndnodeTest.endnode1.AP (AggregationPool, id=11), on `{}' (cPacket, id=177)
** Event #331  T=6.924108189722  EndnodeTest.endnode.endpoint.generator (Generator, id=9), on selfmsg `{}' (cPacket, id=87)
** Event #332  T=6.924108189722  EndnodeTest.endnode.AP (AggregationPool, id=5), on `{}' (cPacket, id=87)
** Event #333  T=7.003695640178  EndnodeTest.endnode.endpoint.generator (Generator, id=9), on selfmsg `{}' (cPacket, id=88)
** Event #334  T=7.003695640178  EndnodeTest.endnode.AP (AggregationPool, id=5), on `{}' (cPacket, id=88)
** Event #335  T=7.008771030174  EndnodeTest.endnode1.endpoint.generator (Generator, id=15), on selfmsg `{}' (cPacket, id=178)
** Event #336  T=7.008771030174  EndnodeTest.endnode1.AP (AggregationPool, id=11), on `{}' (cPacket, id=178)
** Event #337  T=7.083283090635  EndnodeTest.endnode.endpoint.generator (Generator, id=9), on selfmsg `{}' (cPacket, id=89)
** Event #338  T=7.083283090635  EndnodeTest.endnode.AP (AggregationPool, id=5), on `{}' (cPacket, id=89)
** Event #339  T=7.098627069023  EndnodeTest.endnode1.endpoint.generator (Generator, id=15), on selfmsg `{}' (cPacket, id=179)
** Event #340  T=7.098627069023  EndnodeTest.endnode1.AP (AggregationPool, id=11), on `{}' (cPacket, id=179)
** Event #341  T=7.162870541091  EndnodeTest.endnode.endpoint.generator (Generator, id=9), on selfmsg `{}' (cPacket, id=90)
** Event #342  T=7.162870541091  EndnodeTest.endnode.AP (AggregationPool, id=5), on `{}' (cPacket, id=90)
** Event #343  T=7.188483107871  EndnodeTest.endnode1.endpoint.generator (Generator, id=15), on selfmsg `{}' (cPacket, id=180)
** Event #344  T=7.188483107871  EndnodeTest.endnode1.AP (AggregationPool, id=11), on `{}' (cPacket, id=180)
** Event #345  T=7.242457991548  EndnodeTest.endnode.endpoint.generator (Generator, id=9), on selfmsg `{}' (cPacket, id=91)
** Event #346  T=7.242457991548  EndnodeTest.endnode.AP (AggregationPool, id=5), on `{}' (cPacket, id=91)
** Event #347  T=7.278339146719  EndnodeTest.endnode1.endpoint.generator (Generator, id=15), on selfmsg `{}' (cPacket, id=181)
** Event #348  T=7.278339146719  EndnodeTest.endnode1.AP (AggregationPool, id=11), on `{}' (cPacket, id=181)
** Event #349  T=7.322045442005  EndnodeTest.endnode.endpoint.generator (Generator, id=9), on selfmsg `{}' (cPacket, id=92)
** Event #350  T=7.322045442005  EndnodeTest.endnode.AP (AggregationPool, id=5), on `{}' (cPacket, id=92)
** Event #351  T=7.368195185568  EndnodeTest.endnode1.endpoint.generator (Generator, id=15), on selfmsg `{}' (cPacket, id=182)
** Event #352  T=7.368195185568  EndnodeTest.endnode1.AP (AggregationPool, id=11), on `{}' (cPacket, id=182)
** Event #353  T=7.401632892461  EndnodeTest.endnode.endpoint.generator (Generator, id=9), on selfmsg `{}' (cPacket, id=93)
** Event #354  T=7.401632892461  EndnodeTest.endnode.AP (AggregationPool, id=5), on `{}' (cPacket, id=93)
** Event #355  T=7.458051224416  EndnodeTest.endnode1.endpoint.generator (Generator, id=15), on selfmsg `{}' (cPacket, id=183)
** Event #356  T=7.458051224416  EndnodeTest.endnode1.AP (AggregationPool, id=11), on `{}' (cPacket, id=183)
** Event #357  T=7.481220342918  EndnodeTest.endnode.endpoint.generator (Generator, id=9), on selfmsg `{}' (cPacket, id=94)
** Event #358  T=7.481220342918  EndnodeTest.endnode.AP (AggregationPool, id=5), on `{}' (cPacket, id=94)
** Event #359  T=7.547907263265  EndnodeTest.endnode1.endpoint.generator (Generator, id=15), on selfmsg `{}' (cPacket, id=184)
** Event #360  T=7.547907263265  EndnodeTest.endnode1.AP (AggregationPool, id=11), on `{}' (cPacket, id=184)
** Event #361  T=7.560807793374  EndnodeTest.endnode.endpoint.generator (Generator, id=9), on selfmsg `{}' (cPacket, id=95)
** Event #362  T=7.560807793374  EndnodeTest.endnode.AP (AggregationPool, id=5), on `{}' (cPacket, id=95)
** Event #363  T=7.637763302113  EndnodeTest.endnode1.endpoint.generator (Generator, id=15), on selfmsg `{}' (cPacket, id=185)
** Event #364  T=7.637763302113  EndnodeTest.endnode1.AP (AggregationPool, id=11), on `{}' (cPacket, id=185)
** Event #365  T=7.640395243831  EndnodeTest.endnode.endpoint.generator (Generator, id=9), on selfmsg `{}' (cPacket, id=96)
** Event #366  T=7.640395243831  EndnodeTest.endnode.AP (AggregationPool, id=5), on `{}' (cPacket, id=96)
** Event #367  T=7.719982694288  EndnodeTest.endnode.endpoint.generator (Generator, id=9), on selfmsg `{}' (cPacket, id=97)
** Event #368  T=7.719982694288  EndnodeTest.endnode.AP (AggregationPool, id=5), on `{}' (cPacket, id=97)
** Event #369  T=7.727619340961  EndnodeTest.endnode1.endpoint.generator (Generator, id=15), on selfmsg `{}' (cPacket, id=186)
** Event #370  T=7.727619340961  EndnodeTest.endnode1.AP (AggregationPool, id=11), on `{}' (cPacket, id=186)
** Event #371  T=7.799570144744  EndnodeTest.endnode.endpoint.generator (Generator, id=9), on selfmsg `{}' (cPacket, id=98)
** Event #372  T=7.799570144744  EndnodeTest.endnode.AP (AggregationPool, id=5), on `{}' (cPacket, id=98)
** Event #373  T=7.81747537981  EndnodeTest.endnode1.endpoint.generator (Generator, id=15), on selfmsg `{}' (cPacket, id=187)
** Event #374  T=7.81747537981  EndnodeTest.endnode1.AP (AggregationPool, id=11), on `{}' (cPacket, id=187)
** Event #375  T=7.879157595201  EndnodeTest.endnode.endpoint.generator (Generator, id=9), on selfmsg `{}' (cPacket, id=99)
** Event #376  T=7.879157595201  EndnodeTest.endnode.AP (AggregationPool, id=5), on `{}' (cPacket, id=99)
** Event #377  T=7.907331418658  EndnodeTest.endnode1.endpoint.generator (Generator, id=15), on selfmsg `{}' (cPacket, id=188)
** Event #378  T=7.907331418658  EndnodeTest.endnode1.AP (AggregationPool, id=11), on `{}' (cPacket, id=188)
** Event #379  T=7.997187457507  EndnodeTest.endnode1.endpoint.generator (Generator, id=15), on selfmsg `{}' (cPacket, id=189)
** Event #380  T=7.997187457507  EndnodeTest.endnode1.AP (AggregationPool, id=11), on `{}' (cPacket, id=189)
** Event #381  T=8.087043496355  EndnodeTest.endnode1.endpoint.generator (Generator, id=15), on selfmsg `{}' (cPacket, id=190)
** Event #382  T=8.087043496355  EndnodeTest.endnode1.AP (AggregationPool, id=11), on `{}' (cPacket, id=190)
** Event #383  T=8.176899535203  EndnodeTest.endnode1.endpoint.generator (Generator, id=15), on selfmsg `{}' (cPacket, id=191)
** Event #384  T=8.176899535203  EndnodeTest.endnode1.AP (AggregationPool, id=11), on `{}' (cPacket, id=191)
** Event #385  T=8.266755574052  EndnodeTest.endnode1.endpoint.generator (Generator, id=15), on selfmsg `{}' (cPacket, id=192)
** Event #386  T=8.266755574052  EndnodeTest.endnode1.AP (AggregationPool, id=11), on `{}' (cPacket, id=192)
** Event #387  T=8.3566116129  EndnodeTest.endnode1.endpoint.generator (Generator, id=15), on selfmsg `{}' (cPacket, id=193)
** Event #388  T=8.3566116129  EndnodeTest.endnode1.AP (AggregationPool, id=11), on `{}' (cPacket, id=193)
** Event #389  T=8.446467651749  EndnodeTest.endnode1.endpoint.generator (Generator, id=15), on selfmsg `{}' (cPacket, id=194)
** Event #390  T=8.446467651749  EndnodeTest.endnode1.AP (AggregationPool, id=11), on `{}' (cPacket, id=194)
** Event #391  T=8.536323690597  EndnodeTest.endnode1.endpoint.generator (Generator, id=15), on selfmsg `{}' (cPacket, id=195)
** Event #392  T=8.536323690597  EndnodeTest.endnode1.AP (AggregationPool, id=11), on `{}' (cPacket, id=195)
** Event #393  T=8.626179729445  EndnodeTest.endnode1.endpoint.generator (Generator, id=15), on selfmsg `{}' (cPacket, id=196)
** Event #394  T=8.626179729445  EndnodeTest.endnode1.AP (AggregationPool, id=11), on `{}' (cPacket, id=196)
** Event #395  T=8.716035768294  EndnodeTest.endnode1.endpoint.generator (Generator, id=15), on selfmsg `{}' (cPacket, id=197)
** Event #396  T=8.716035768294  EndnodeTest.endnode1.AP (AggregationPool, id=11), on `{}' (cPacket, id=197)
** Event #397  T=8.805891807142  EndnodeTest.endnode1.endpoint.generator (Generator, id=15), on selfmsg `{}' (cPacket, id=198)
** Event #398  T=8.805891807142  EndnodeTest.endnode1.AP (AggregationPool, id=11), on `{}' (cPacket, id=198)
** Event #399  T=8.895747845991  EndnodeTest.endnode1.endpoint.generator (Generator, id=15), on selfmsg `{}' (cPacket, id=199)
** Event #400  T=8.895747845991  EndnodeTest.endnode1.AP (AggregationPool, id=11), on `{}' (cPacket, id=199)
<!> No more events -- simulation ended at event #401, t=8.895747845991.
** Calling finish() methods of modules

